[23:44:01.493] [INFO] storybook v10.1.10
[23:44:02.729] [ERROR] [38;2;241;97;97mSB_CORE-SERVER_0007 (MainFileEvaluationError): Storybook couldn't evaluate your [33m.storybook\main.ts[39m file.

Original error:
[37mError [ERR_MODULE_NOT_FOUND]: Cannot find package '@storybook/react-vite' imported from \.storybook\main.ts
    at packageResolve (node:internal/modules/esm/resolve:857:9)
    at moduleResolve (node:internal/modules/esm/resolve:926:18)
    at defaultResolve (node:internal/modules/esm/resolve:1056:11)
    at nextResolve (node:internal/modules/esm/hooks:748:28)
    at Hooks.resolve (node:internal/modules/esm/hooks:240:30)
    at MessagePort.handleMessage (node:internal/modules/esm/worker:199:24)
    at [nodejs.internal.kHybridDispatch] (node:internal/event_target:827:20)
    at MessagePort.<anonymous> (node:internal/per_context/messageport:23:28)[39m[39m
    at loadMainConfig (file:///R:/Vibhakar/2026/projects/enterprise-dashboard/node_modules/storybook/dist/_node-chunks/chunk-LLCTWVOB.js:11701:11)
    at async buildDevStandalone (file:///R:/Vibhakar/2026/projects/enterprise-dashboard/node_modules/storybook/dist/core-server/index.js:7149:16)
    at async withTelemetry (file:///R:/Vibhakar/2026/projects/enterprise-dashboard/node_modules/storybook/dist/_node-chunks/chunk-PGCRO4IZ.js:209:12)
    at async dev (file:///R:/Vibhakar/2026/projects/enterprise-dashboard/node_modules/storybook/dist/bin/core.js:2734:3)
    at async _Command.<anonymous> (file:///R:/Vibhakar/2026/projects/enterprise-dashboard/node_modules/storybook/dist/bin/core.js:2801:92)
[23:44:02.731] [WARN] Broken build, fix the error above.
You may need to refresh the browser.
[23:44:02.745] [WARN]   Failed to load preset: "R:/Vibhakar/2026/projects/enterprise-dashboard/apps/packages/ui/.storybook/main.ts"
[23:44:02.745] [ERROR] Error [ERR_MODULE_NOT_FOUND]: Cannot find package '@storybook/react-vite' imported from .\.storybook\main.ts
    at packageResolve (node:internal/modules/esm/resolve:857:9)
    at moduleResolve (node:internal/modules/esm/resolve:926:18)
    at defaultResolve (node:internal/modules/esm/resolve:1056:11)
    at nextResolve (node:internal/modules/esm/hooks:748:28)
    at Hooks.resolve (node:internal/modules/esm/hooks:240:30)
    at MessagePort.handleMessage (node:internal/modules/esm/worker:199:24)
    at [nodejs.internal.kHybridDispatch] (node:internal/event_target:827:20)
    at MessagePort.<anonymous> (node:internal/per_context/messageport:23:28)